Fri May 3 13:22:24 CDT 2019
1 1
1 2
1 3
1 4
1 5
1 6
1 7
1 8
1 9
1 10
1 11
1 12

Attaching package: ‘pls’

The following object is masked from ‘package:stats’:

    loadings

Loading required package: methods

Attaching package: ‘pls’

The following object is masked from ‘package:stats’:

    loadings


Attaching package: ‘pls’


Attaching package: ‘pls’


Attaching package: ‘pls’

The following object is masked from ‘package:stats’:

    loadings

The following object is masked from ‘package:stats’:

    loadings

The following object is masked from ‘package:stats’:

    loadings


Attaching package: ‘pls’

The following object is masked from ‘package:stats’:

    loadings

Loading required package: methods

Attaching package: ‘pls’

The following object is masked from ‘package:stats’:

    loadings

Loading required package: methods
Loading required package: methods
Loading required package: methods
Loading required package: methods

Attaching package: ‘pls’

The following object is masked from ‘package:stats’:

    loadings

Loading required package: methods
Loading required package: methods

Attaching package: ‘pls’

The following object is masked from ‘package:stats’:

    loadings


Attaching package: ‘pls’

The following object is masked from ‘package:stats’:

    loadings

Loading required package: methods

Attaching package: ‘pls’

Loading required package: methods
The following object is masked from ‘package:stats’:

    loadings

Loading required package: methods

Attaching package: ‘pls’

The following object is masked from ‘package:stats’:

    loadings

Loading required package: methods

Attaching package: ‘lubridate’

The following object is masked from ‘package:base’:

    date

Loading required package: MASS

Attaching package: ‘lubridate’

The following object is masked from ‘package:base’:

    date

Loading required package: MASS
Loading required package: strucchange

Attaching package: ‘lubridate’

Loading required package: zoo
The following object is masked from ‘package:base’:

    date

Loading required package: MASS

Attaching package: ‘lubridate’

The following object is masked from ‘package:base’:

    date

Loading required package: MASS
Loading required package: strucchange
Loading required package: zoo
Loading required package: strucchange
Loading required package: zoo
Loading required package: strucchange
Loading required package: zoo

Attaching package: ‘lubridate’

The following object is masked from ‘package:base’:

    date

Loading required package: MASS
Loading required package: strucchange

Attaching package: ‘zoo’

The following objects are masked from ‘package:base’:

    as.Date, as.Date.numeric

Loading required package: sandwich
Loading required package: zoo

Attaching package: ‘zoo’

The following objects are masked from ‘package:base’:

    as.Date, as.Date.numeric

Loading required package: sandwich

Attaching package: ‘lubridate’

The following object is masked from ‘package:base’:

    date

Loading required package: MASS
Loading required package: urca

Attaching package: ‘lubridate’

The following object is masked from ‘package:base’:

    date

Loading required package: MASS

Attaching package: ‘zoo’

The following objects are masked from ‘package:base’:

    as.Date, as.Date.numeric

Loading required package: sandwich
Loading required package: urca

Attaching package: ‘zoo’

The following objects are masked from ‘package:base’:

    as.Date, as.Date.numeric

Loading required package: strucchange
Loading required package: sandwich

Attaching package: ‘lubridate’

The following object is masked from ‘package:base’:

    date


Attaching package: ‘lubridate’

Loading required package: zoo
The following object is masked from ‘package:base’:

    date

Loading required package: strucchange
Loading required package: MASS

Attaching package: ‘lubridate’

The following object is masked from ‘package:base’:

    date

Loading required package: MASS
Loading required package: zoo
Loading required package: MASS
Loading required package: urca
Loading required package: urca

Attaching package: ‘lubridate’

The following object is masked from ‘package:base’:

    date

Loading required package: strucchange
Loading required package: MASS
Loading required package: strucchange
Loading required package: strucchange
Loading required package: zoo
Loading required package: zoo
Loading required package: zoo

Attaching package: ‘lubridate’

The following object is masked from ‘package:base’:

    date

Loading required package: lmtest
Loading required package: MASS
Loading required package: strucchange
Loading required package: lmtest
Loading required package: zoo
Loading required package: strucchange
Loading required package: zoo
Loading required package: lmtest

Attaching package: ‘zoo’

The following objects are masked from ‘package:base’:

    as.Date, as.Date.numeric

Loading required package: sandwich

Attaching package: ‘zoo’

The following objects are masked from ‘package:base’:

    as.Date, as.Date.numeric

Loading required package: lmtest
Loading required package: sandwich
Loading required package: urca
Loading required package: urca

Attaching package: ‘zoo’

The following objects are masked from ‘package:base’:

    as.Date, as.Date.numeric

Loading required package: sandwich
Loading required package: urca
Loading required package: lmtest

Attaching package: ‘zoo’

The following objects are masked from ‘package:base’:

    as.Date, as.Date.numeric

Loading required package: sandwich

Attaching package: ‘zoo’

The following objects are masked from ‘package:base’:

    as.Date, as.Date.numeric


Attaching package: ‘zoo’

The following objects are masked from ‘package:base’:

    as.Date, as.Date.numeric

Loading required package: sandwich
Loading required package: sandwich

Attaching package: ‘zoo’

The following objects are masked from ‘package:base’:

    as.Date, as.Date.numeric

Loading required package: sandwich
Loading required package: lmtest

Attaching package: ‘zoo’

The following objects are masked from ‘package:base’:

    as.Date, as.Date.numeric

Loading required package: sandwich
Loading required package: urca
Loading required package: urca
Loading required package: urca
Loading required package: urca
Loading required package: lmtest
Loading required package: urca
Loading required package: lmtest
Loading required package: lmtest
Loading required package: lmtest
Loading required package: lmtest
Loading required package: lmtest

Attaching package: ‘plotly’

The following object is masked from ‘package:ggplot2’:

    last_plot

The following object is masked from ‘package:MASS’:

    select

The following object is masked from ‘package:stats’:

    filter

The following object is masked from ‘package:graphics’:

    layout


Attaching package: ‘plotly’

The following object is masked from ‘package:ggplot2’:

    last_plot

The following object is masked from ‘package:MASS’:

    select

The following object is masked from ‘package:stats’:

    filter

The following object is masked from ‘package:graphics’:

    layout

[1] "1"  "11"
[1] "Tasa de cambio"
[1] "Numero de meses a pronosticar1"
[1] "Mes a pronosticar11"
[1] "anio: 2017"
[1] "Tipo.de.cambio"
[1] "2017-01-01"
[1] "1" "3"
[1] "Tasa de cambio"
[1] "Numero de meses a pronosticar1"
[1] "Mes a pronosticar3"

Attaching package: ‘plotly’

The following object is masked from ‘package:ggplot2’:

    last_plot

The following object is masked from ‘package:MASS’:

    select

The following object is masked from ‘package:stats’:

    filter

The following object is masked from ‘package:graphics’:

    layout

[1] "anio: 2017"
[1] "Tipo.de.cambio"
[1] "2017-01-01"
[1] "1"  "12"
[1] "Tasa de cambio"
[1] "Numero de meses a pronosticar1"
[1] "Mes a pronosticar12"
[1] "anio: 2017"
[1] "Tipo.de.cambio"
[1] "2017-01-01"

Attaching package: ‘plotly’

The following object is masked from ‘package:ggplot2’:

    last_plot

The following object is masked from ‘package:MASS’:

    select

The following object is masked from ‘package:stats’:

    filter

The following object is masked from ‘package:graphics’:

    layout


Attaching package: ‘plotly’

The following object is masked from ‘package:ggplot2’:

    last_plot

The following object is masked from ‘package:MASS’:

    select

The following object is masked from ‘package:stats’:

    filter

The following object is masked from ‘package:graphics’:

    layout

[1] "1" "8"
[1] "Tasa de cambio"
[1] "Numero de meses a pronosticar1"
[1] "Mes a pronosticar8"
[1] "anio: 2017"

Attaching package: ‘plotly’

The following object is masked from ‘package:ggplot2’:

    last_plot

[1] "1" "2"
[1] "Tasa de cambio"
[1] "Numero de meses a pronosticar1"
[1] "Mes a pronosticar2"
The following object is masked from ‘package:MASS’:

    select

The following object is masked from ‘package:stats’:

    filter

[1] "Tipo.de.cambio"
The following object is masked from ‘package:graphics’:

    layout

[1] "2017-01-01"
[1] "anio: 2017"
[1] "Tipo.de.cambio"
[1] "2017-01-01"
[1] "1" "7"
[1] "Tasa de cambio"
[1] "Numero de meses a pronosticar1"
[1] "Mes a pronosticar7"

Attaching package: ‘plotly’

The following object is masked from ‘package:ggplot2’:

    last_plot

The following object is masked from ‘package:MASS’:

    select

[1] "anio: 2017"
The following object is masked from ‘package:stats’:

    filter

The following object is masked from ‘package:graphics’:

    layout

[1] "Tipo.de.cambio"
[1] "2017-01-01"
[1] "1"  "10"
[1] "Tasa de cambio"
[1] "Numero de meses a pronosticar1"
[1] "Mes a pronosticar10"

Attaching package: ‘plotly’

The following object is masked from ‘package:ggplot2’:

    last_plot

The following object is masked from ‘package:MASS’:

    select

The following object is masked from ‘package:stats’:

    filter

The following object is masked from ‘package:graphics’:

    layout

[1] "anio: 2017"
[1] "Tipo.de.cambio"
[1] "2017-01-01"
[1] "1" "5"
[1] "Tasa de cambio"
[1] "Numero de meses a pronosticar1"
[1] "Mes a pronosticar5"
[1] "anio: 2017"
[1] "Tipo.de.cambio"
[1] "2017-01-01"

Attaching package: ‘plotly’

The following object is masked from ‘package:ggplot2’:

    last_plot

The following object is masked from ‘package:MASS’:

    select

The following object is masked from ‘package:stats’:

    filter

The following object is masked from ‘package:graphics’:

    layout


Attaching package: ‘plotly’

The following object is masked from ‘package:ggplot2’:

    last_plot


Attaching package: ‘plotly’

The following object is masked from ‘package:ggplot2’:

    last_plot

The following object is masked from ‘package:MASS’:

    select

The following object is masked from ‘package:MASS’:

    select

The following object is masked from ‘package:stats’:

    filter

The following object is masked from ‘package:stats’:

    filter

The following object is masked from ‘package:graphics’:

    layout

The following object is masked from ‘package:graphics’:

    layout


Attaching package: ‘plotly’

The following object is masked from ‘package:ggplot2’:

    last_plot

The following object is masked from ‘package:MASS’:

    select

The following object is masked from ‘package:stats’:

    filter

The following object is masked from ‘package:graphics’:

    layout

[1] "1" "4"
[1] "Tasa de cambio"
[1] "Numero de meses a pronosticar1"
[1] "Mes a pronosticar4"
[1] "1" "6"
[1] "Tasa de cambio"
[1] "Numero de meses a pronosticar1"
[1] "Mes a pronosticar6"
[1] "1" "1"
[1] "Tasa de cambio"
[1] "Numero de meses a pronosticar1"
[1] "Mes a pronosticar1"
[1] "1" "9"
[1] "Tasa de cambio"
[1] "Numero de meses a pronosticar1"
[1] "Mes a pronosticar9"
[1] "anio: 2017"
[1] "Tipo.de.cambio"
[1] "2017-01-01"
[1] "anio: 2017"
[1] "anio: 2017"
[1] "Tipo.de.cambio"
[1] "2017-01-01"
[1] "Tipo.de.cambio"
[1] "2017-01-01"
[1] "anio: 2017"
[1] "Tipo.de.cambio"
[1] "2017-01-01"
[1] "Tipo.de.cambio"
[1] "2017-02-01"
[1] "Tipo.de.cambio"
[1] "2017-02-01"
[1] "Tipo.de.cambio"
[1] "2017-02-01"
[1] "Tipo.de.cambio"
[1] "2017-02-01"
[1] "Tipo.de.cambio"
[1] "2017-02-01"
[1] "Tipo.de.cambio"
[1] "2017-02-01"
[1] "Tipo.de.cambio"
[1] "2017-02-01"
[1] "Tipo.de.cambio"
[1] "2017-02-01"
[1] "Tipo.de.cambio"
[1] "2017-02-01"
[1] "Tipo.de.cambio"
[1] "2017-02-01"
[1] "Tipo.de.cambio"
[1] "2017-02-01"
[1] "Tipo.de.cambio"
[1] "2017-02-01"
[1] "Tipo.de.cambio"
[1] "2017-03-01"
